{"C:\\ICET\\to do-app\\front-end\\to-do\\src\\components\\AddTaskForm.jsx": {"path":"C:\\ICET\\to do-app\\front-end\\to-do\\src\\components\\AddTaskForm.jsx","statementMap":{"0":{"start":{"line":4,"column":20},"end":{"line":130,"column":1}},"1":{"start":{"line":5,"column":22},"end":{"line":5,"column":38}},"2":{"start":{"line":6,"column":32},"end":{"line":12,"column":4}},"3":{"start":{"line":13,"column":42},"end":{"line":13,"column":57}},"4":{"start":{"line":14,"column":28},"end":{"line":14,"column":42}},"5":{"start":{"line":16,"column":28},"end":{"line":22,"column":3}},"6":{"start":{"line":17,"column":28},"end":{"line":17,"column":36}},"7":{"start":{"line":18,"column":4},"end":{"line":21,"column":8}},"8":{"start":{"line":18,"column":24},"end":{"line":21,"column":5}},"9":{"start":{"line":24,"column":23},"end":{"line":52,"column":3}},"10":{"start":{"line":25,"column":4},"end":{"line":25,"column":23}},"11":{"start":{"line":26,"column":4},"end":{"line":26,"column":38}},"12":{"start":{"line":26,"column":31},"end":{"line":26,"column":38}},"13":{"start":{"line":28,"column":4},"end":{"line":51,"column":5}},"14":{"start":{"line":29,"column":6},"end":{"line":29,"column":28}},"15":{"start":{"line":30,"column":6},"end":{"line":30,"column":21}},"16":{"start":{"line":32,"column":6},"end":{"line":38,"column":9}},"17":{"start":{"line":40,"column":6},"end":{"line":46,"column":9}},"18":{"start":{"line":48,"column":6},"end":{"line":48,"column":56}},"19":{"start":{"line":50,"column":6},"end":{"line":50,"column":29}},"20":{"start":{"line":54,"column":2},"end":{"line":129,"column":4}}},"fnMap":{"0":{"name":"(anonymous_0)","decl":{"start":{"line":4,"column":20},"end":{"line":4,"column":21}},"loc":{"start":{"line":4,"column":26},"end":{"line":130,"column":1}},"line":4},"1":{"name":"(anonymous_1)","decl":{"start":{"line":16,"column":28},"end":{"line":16,"column":29}},"loc":{"start":{"line":16,"column":35},"end":{"line":22,"column":3}},"line":16},"2":{"name":"(anonymous_2)","decl":{"start":{"line":18,"column":15},"end":{"line":18,"column":16}},"loc":{"start":{"line":18,"column":24},"end":{"line":21,"column":5}},"line":18},"3":{"name":"(anonymous_3)","decl":{"start":{"line":24,"column":23},"end":{"line":24,"column":24}},"loc":{"start":{"line":24,"column":36},"end":{"line":52,"column":3}},"line":24}},"branchMap":{"0":{"loc":{"start":{"line":26,"column":4},"end":{"line":26,"column":38}},"type":"if","locations":[{"start":{"line":26,"column":4},"end":{"line":26,"column":38}},{"start":{},"end":{}}],"line":26},"1":{"loc":{"start":{"line":35,"column":17},"end":{"line":35,"column":40}},"type":"binary-expr","locations":[{"start":{"line":35,"column":17},"end":{"line":35,"column":32}},{"start":{"line":35,"column":36},"end":{"line":35,"column":40}}],"line":35},"2":{"loc":{"start":{"line":57,"column":7},"end":{"line":57,"column":60}},"type":"binary-expr","locations":[{"start":{"line":57,"column":7},"end":{"line":57,"column":12}},{"start":{"line":57,"column":16},"end":{"line":57,"column":60}}],"line":57},"3":{"loc":{"start":{"line":123,"column":14},"end":{"line":123,"column":76}},"type":"cond-expr","locations":[{"start":{"line":123,"column":29},"end":{"line":123,"column":42}},{"start":{"line":123,"column":45},"end":{"line":123,"column":76}}],"line":123},"4":{"loc":{"start":{"line":125,"column":11},"end":{"line":125,"column":51}},"type":"cond-expr","locations":[{"start":{"line":125,"column":26},"end":{"line":125,"column":37}},{"start":{"line":125,"column":40},"end":{"line":125,"column":51}}],"line":125}},"s":{"0":1,"1":123,"2":123,"3":123,"4":123,"5":123,"6":108,"7":108,"8":108,"9":123,"10":5,"11":5,"12":1,"13":4,"14":4,"15":4,"16":4,"17":3,"18":1,"19":4,"20":123},"f":{"0":123,"1":108,"2":108,"3":5},"b":{"0":[1,4],"1":[4,3],"2":[123,1],"3":[4,119],"4":[4,119]},"_coverageSchema":"1a1c01bbd47fc00a2c39e90264f33305004495a9","hash":"23d8809fbd701c30e954c824405b321ab06ad873"}
,"C:\\ICET\\to do-app\\front-end\\to-do\\src\\components\\TaskList.jsx": {"path":"C:\\ICET\\to do-app\\front-end\\to-do\\src\\components\\TaskList.jsx","statementMap":{"0":{"start":{"line":3,"column":17},"end":{"line":87,"column":1}},"1":{"start":{"line":4,"column":62},"end":{"line":4,"column":78}},"2":{"start":{"line":6,"column":21},"end":{"line":10,"column":3}},"3":{"start":{"line":7,"column":4},"end":{"line":7,"column":42}},"4":{"start":{"line":7,"column":21},"end":{"line":7,"column":42}},"5":{"start":{"line":8,"column":17},"end":{"line":8,"column":37}},"6":{"start":{"line":9,"column":4},"end":{"line":9,"column":33}},"7":{"start":{"line":12,"column":27},"end":{"line":21,"column":3}},"8":{"start":{"line":13,"column":4},"end":{"line":20,"column":5}},"9":{"start":{"line":14,"column":14},"end":{"line":14,"column":72}},"10":{"start":{"line":15,"column":14},"end":{"line":15,"column":85}},"11":{"start":{"line":16,"column":14},"end":{"line":16,"column":80}},"12":{"start":{"line":17,"column":14},"end":{"line":17,"column":80}},"13":{"start":{"line":18,"column":14},"end":{"line":18,"column":75}},"14":{"start":{"line":19,"column":15},"end":{"line":19,"column":81}},"15":{"start":{"line":23,"column":2},"end":{"line":25,"column":3}},"16":{"start":{"line":24,"column":4},"end":{"line":24,"column":68}},"17":{"start":{"line":27,"column":2},"end":{"line":29,"column":3}},"18":{"start":{"line":28,"column":4},"end":{"line":28,"column":72}},"19":{"start":{"line":31,"column":2},"end":{"line":37,"column":3}},"20":{"start":{"line":32,"column":4},"end":{"line":36,"column":6}},"21":{"start":{"line":42,"column":22},"end":{"line":42,"column":44}},"22":{"start":{"line":44,"column":2},"end":{"line":86,"column":4}},"23":{"start":{"line":47,"column":29},"end":{"line":47,"column":60}},"24":{"start":{"line":48,"column":8},"end":{"line":78,"column":10}},"25":{"start":{"line":65,"column":31},"end":{"line":65,"column":52}},"26":{"start":{"line":71,"column":31},"end":{"line":71,"column":50}}},"fnMap":{"0":{"name":"(anonymous_0)","decl":{"start":{"line":3,"column":17},"end":{"line":3,"column":18}},"loc":{"start":{"line":3,"column":23},"end":{"line":87,"column":1}},"line":3},"1":{"name":"(anonymous_1)","decl":{"start":{"line":6,"column":21},"end":{"line":6,"column":22}},"loc":{"start":{"line":6,"column":37},"end":{"line":10,"column":3}},"line":6},"2":{"name":"(anonymous_2)","decl":{"start":{"line":12,"column":27},"end":{"line":12,"column":28}},"loc":{"start":{"line":12,"column":41},"end":{"line":21,"column":3}},"line":12},"3":{"name":"(anonymous_3)","decl":{"start":{"line":46,"column":23},"end":{"line":46,"column":24}},"loc":{"start":{"line":46,"column":31},"end":{"line":79,"column":7}},"line":46},"4":{"name":"(anonymous_4)","decl":{"start":{"line":65,"column":25},"end":{"line":65,"column":26}},"loc":{"start":{"line":65,"column":31},"end":{"line":65,"column":52}},"line":65},"5":{"name":"(anonymous_5)","decl":{"start":{"line":71,"column":25},"end":{"line":71,"column":26}},"loc":{"start":{"line":71,"column":31},"end":{"line":71,"column":50}},"line":71}},"branchMap":{"0":{"loc":{"start":{"line":7,"column":4},"end":{"line":7,"column":42}},"type":"if","locations":[{"start":{"line":7,"column":4},"end":{"line":7,"column":42}},{"start":{},"end":{}}],"line":7},"1":{"loc":{"start":{"line":13,"column":4},"end":{"line":20,"column":5}},"type":"switch","locations":[{"start":{"line":14,"column":6},"end":{"line":14,"column":72}},{"start":{"line":15,"column":6},"end":{"line":15,"column":85}},{"start":{"line":16,"column":6},"end":{"line":16,"column":80}},{"start":{"line":17,"column":6},"end":{"line":17,"column":80}},{"start":{"line":18,"column":6},"end":{"line":18,"column":75}},{"start":{"line":19,"column":6},"end":{"line":19,"column":81}}],"line":13},"2":{"loc":{"start":{"line":23,"column":2},"end":{"line":25,"column":3}},"type":"if","locations":[{"start":{"line":23,"column":2},"end":{"line":25,"column":3}},{"start":{},"end":{}}],"line":23},"3":{"loc":{"start":{"line":27,"column":2},"end":{"line":29,"column":3}},"type":"if","locations":[{"start":{"line":27,"column":2},"end":{"line":29,"column":3}},{"start":{},"end":{}}],"line":27},"4":{"loc":{"start":{"line":31,"column":2},"end":{"line":37,"column":3}},"type":"if","locations":[{"start":{"line":31,"column":2},"end":{"line":37,"column":3}},{"start":{},"end":{}}],"line":31},"5":{"loc":{"start":{"line":80,"column":7},"end":{"line":84,"column":7}},"type":"binary-expr","locations":[{"start":{"line":80,"column":7},"end":{"line":80,"column":23}},{"start":{"line":81,"column":8},"end":{"line":83,"column":14}}],"line":80}},"s":{"0":1,"1":10,"2":10,"3":35,"4":7,"5":28,"6":28,"7":10,"8":35,"9":7,"10":7,"11":7,"12":7,"13":7,"14":0,"15":10,"16":1,"17":9,"18":1,"19":8,"20":1,"21":7,"22":7,"23":35,"24":35,"25":1,"26":1},"f":{"0":10,"1":35,"2":35,"3":35,"4":1,"5":1},"b":{"0":[7,28],"1":[7,7,7,7,7,0],"2":[1,9],"3":[1,8],"4":[1,7],"5":[7,5]},"_coverageSchema":"1a1c01bbd47fc00a2c39e90264f33305004495a9","hash":"f1de88f084b625d298f86f643f639433b410d091"}
}
