TN:
SF:src\components\AddTaskForm.jsx
FN:4,(anonymous_0)
FN:16,(anonymous_1)
FN:18,(anonymous_2)
FN:24,(anonymous_3)
FNF:4
FNH:4
FNDA:123,(anonymous_0)
FNDA:108,(anonymous_1)
FNDA:108,(anonymous_2)
FNDA:5,(anonymous_3)
DA:4,1
DA:5,123
DA:6,123
DA:13,123
DA:14,123
DA:16,123
DA:17,108
DA:18,108
DA:24,123
DA:25,5
DA:26,5
DA:28,4
DA:29,4
DA:30,4
DA:32,4
DA:40,3
DA:48,1
DA:50,4
DA:54,123
LF:19
LH:19
BRDA:26,0,0,1
BRDA:26,0,1,4
BRDA:35,1,0,4
BRDA:35,1,1,3
BRDA:57,2,0,123
BRDA:57,2,1,1
BRDA:123,3,0,4
BRDA:123,3,1,119
BRDA:125,4,0,4
BRDA:125,4,1,119
BRF:10
BRH:10
end_of_record
TN:
SF:src\components\TaskList.jsx
FN:3,(anonymous_0)
FN:6,(anonymous_1)
FN:12,(anonymous_2)
FN:46,(anonymous_3)
FN:65,(anonymous_4)
FN:71,(anonymous_5)
FNF:6
FNH:6
FNDA:10,(anonymous_0)
FNDA:35,(anonymous_1)
FNDA:35,(anonymous_2)
FNDA:35,(anonymous_3)
FNDA:1,(anonymous_4)
FNDA:1,(anonymous_5)
DA:3,1
DA:4,10
DA:6,10
DA:7,35
DA:8,28
DA:9,28
DA:12,10
DA:13,35
DA:14,7
DA:15,7
DA:16,7
DA:17,7
DA:18,7
DA:19,0
DA:23,10
DA:24,1
DA:27,9
DA:28,1
DA:31,8
DA:32,1
DA:42,7
DA:44,7
DA:47,35
DA:48,35
DA:65,1
DA:71,1
LF:26
LH:25
BRDA:7,0,0,7
BRDA:7,0,1,28
BRDA:13,1,0,7
BRDA:13,1,1,7
BRDA:13,1,2,7
BRDA:13,1,3,7
BRDA:13,1,4,7
BRDA:13,1,5,0
BRDA:23,2,0,1
BRDA:23,2,1,9
BRDA:27,3,0,1
BRDA:27,3,1,8
BRDA:31,4,0,1
BRDA:31,4,1,7
BRDA:80,5,0,7
BRDA:80,5,1,5
BRF:16
BRH:15
end_of_record
